0 info it worked if it ends with ok
1 verbose cli [ '/home/sbabushkin/.nvm/versions/node/v5.0.0/bin/node',
1 verbose cli   '/home/sbabushkin/.nvm/versions/node/v5.0.0/bin/npm',
1 verbose cli   'run',
1 verbose cli   'lint' ]
2 info using npm@3.3.6
3 info using node@v5.0.0
4 verbose run-script [ 'prelint', 'lint', 'postlint' ]
5 info lifecycle indaba-backend@0.2.0~prelint: indaba-backend@0.2.0
6 silly lifecycle indaba-backend@0.2.0~prelint: no script for prelint, continuing
7 info lifecycle indaba-backend@0.2.0~lint: indaba-backend@0.2.0
8 verbose lifecycle indaba-backend@0.2.0~lint: unsafe-perm in lifecycle true
9 verbose lifecycle indaba-backend@0.2.0~lint: PATH: /home/sbabushkin/.nvm/versions/node/v5.0.0/lib/node_modules/npm/bin/node-gyp-bin:/home/sbabushkin/apps/greyscale/backend/node_modules/.bin:/home/sbabushkin/.nvm/versions/node/v5.0.0/bin:/usr/local/sbin:/usr/local/bin:/usr/sbin:/usr/bin:/sbin:/bin:/usr/games:/usr/local/games
10 verbose lifecycle indaba-backend@0.2.0~lint: CWD: /home/sbabushkin/apps/greyscale/backend
11 silly lifecycle indaba-backend@0.2.0~lint: Args: [ '-c', 'eslint --ext .js app' ]
12 silly lifecycle indaba-backend@0.2.0~lint: Returned: code: 1  signal: null
13 info lifecycle indaba-backend@0.2.0~lint: Failed to exec lint script
14 verbose stack Error: indaba-backend@0.2.0 lint: `eslint --ext .js app`
14 verbose stack Exit status 1
14 verbose stack     at EventEmitter.<anonymous> (/home/sbabushkin/.nvm/versions/node/v5.0.0/lib/node_modules/npm/lib/utils/lifecycle.js:233:16)
14 verbose stack     at emitTwo (events.js:87:13)
14 verbose stack     at EventEmitter.emit (events.js:172:7)
14 verbose stack     at ChildProcess.<anonymous> (/home/sbabushkin/.nvm/versions/node/v5.0.0/lib/node_modules/npm/lib/utils/spawn.js:24:14)
14 verbose stack     at emitTwo (events.js:87:13)
14 verbose stack     at ChildProcess.emit (events.js:172:7)
14 verbose stack     at maybeClose (internal/child_process.js:818:16)
14 verbose stack     at Process.ChildProcess._handle.onexit (internal/child_process.js:211:5)
15 verbose pkgid indaba-backend@0.2.0
16 verbose cwd /home/sbabushkin/apps/greyscale/backend
17 error Linux 3.19.0-25-generic
18 error argv "/home/sbabushkin/.nvm/versions/node/v5.0.0/bin/node" "/home/sbabushkin/.nvm/versions/node/v5.0.0/bin/npm" "run" "lint"
19 error node v5.0.0
20 error npm  v3.3.6
21 error code ELIFECYCLE
22 error indaba-backend@0.2.0 lint: `eslint --ext .js app`
22 error Exit status 1
23 error Failed at the indaba-backend@0.2.0 lint script 'eslint --ext .js app'.
23 error This is most likely a problem with the indaba-backend package,
23 error not with npm itself.
23 error Tell the author that this fails on your system:
23 error     eslint --ext .js app
23 error You can get their info via:
23 error     npm owner ls indaba-backend
23 error There is likely additional logging output above.
24 verbose exit [ 1, true ]
